Using pre-set license
Built from 'trunk' branch; Version is '2020.2.0b1 (4ae7c5e87f33) revision 4908997'; Using compiler version '192528614'; Build Type 'Release'
OS: 'Windows 10  (10.0.0) 64bit' Language: 'en' Physical Memory: 16333 MB
BatchMode: 1, IsHumanControllingUs: 0, StartBugReporterOnCrash: 0, Is64bit: 1, IsPro: 0

 COMMAND LINE ARGUMENTS:
C:\Program Files\Unity\Hub\Editor\2020.2.0b1\Editor\Unity.exe
-adb2
-batchMode
-noUpm
-name
AssetImportWorker6
-projectPath
C:/Users/Martin/Desktop/Personal Projects/Roguelike-2D/Roguelike
-logFile
Logs/AssetImportWorker6.log
-srvPort
54798
Successfully changed project path to: C:/Users/Martin/Desktop/Personal Projects/Roguelike-2D/Roguelike
C:/Users/Martin/Desktop/Personal Projects/Roguelike-2D/Roguelike
Using Asset Import Pipeline V2.
Refreshing native plugins compatible for Editor in 65.28 ms, found 1 plugins.
Preloading 0 native plugins for Editor in 0.00 ms.
Initialize engine version: 2020.2.0b1 (4ae7c5e87f33)
[Subsystems] Discovering subsystems at path C:/Program Files/Unity/Hub/Editor/2020.2.0b1/Editor/Data/Resources/UnitySubsystems
[Subsystems] Discovering subsystems at path C:/Users/Martin/Desktop/Personal Projects/Roguelike-2D/Roguelike/Assets
GfxDevice: creating device client; threaded=0
Direct3D:
    Version:  Direct3D 11.0 [level 11.1]
    Renderer: NVIDIA GeForce GTX 1660 Ti (ID=0x2182)
    Vendor:   
    VRAM:     5991 MB
    Driver:   26.21.14.3648
Shader 'Universal Render Pipeline/Particles/Lit': fallback shader 'Universal Render Pipeline/Particles/SimpleLit' not found
Initialize mono
Mono path[0] = 'C:/Program Files/Unity/Hub/Editor/2020.2.0b1/Editor/Data/Managed'
Mono path[1] = 'C:/Program Files/Unity/Hub/Editor/2020.2.0b1/Editor/Data/MonoBleedingEdge/lib/mono/unityjit'
Mono config path = 'C:/Program Files/Unity/Hub/Editor/2020.2.0b1/Editor/Data/MonoBleedingEdge/etc'
Using monoOptions --debugger-agent=transport=dt_socket,embedding=1,server=y,suspend=n,address=127.0.0.1:56276
Begin MonoManager ReloadAssembly
Registering precompiled unity dll's ...
Register platform support module: C:/Program Files/Unity/Hub/Editor/2020.2.0b1/Editor/Data/PlaybackEngines/WindowsStandaloneSupport/UnityEditor.WindowsStandalone.Extensions.dll
Registered in 0.001406 seconds.
Native extension for WindowsStandalone target not found
Refreshing native plugins compatible for Editor in 50.59 ms, found 1 plugins.
Preloading 0 native plugins for Editor in 0.00 ms.
Invoked RoslynAnalysisRunner static constructor.
RoslynAnalysisRunner will not be running.
RoslynAnalysisRunner has terminated.
Mono: successfully reloaded assembly
- Completed reload, in  0.936 seconds
Registering precompiled user dll's ...
Registered in 0.101062 seconds.
Platform modules already initialized, skipping
Begin MonoManager ReloadAssembly
Symbol file LoadedFromMemory doesn't match image C:\Users\Martin\Desktop\Personal Projects\Roguelike-2D\Roguelike\Library\PackageCache\com.unity.ext.nunit@1.0.0\net35\unity-custom\nunit.framework.dll
Native extension for WindowsStandalone target not found
Refreshing native plugins compatible for Editor in 66.96 ms, found 1 plugins.
Preloading 0 native plugins for Editor in 0.00 ms.
Invoked RoslynAnalysisRunner static constructor.
RoslynAnalysisRunner will not be running.
RoslynAnalysisRunner has terminated.
Mono: successfully reloaded assembly
- Completed reload, in  0.847 seconds
Platform modules already initialized, skipping
========================================================================
Worker process is ready to serve import requests
Shader 'Universal Render Pipeline/Particles/Lit': fallback shader 'Universal Render Pipeline/Particles/SimpleLit' not found
Launched and connected shader compiler UnityShaderCompiler.exe after 0.06 seconds
Refreshing native plugins compatible for Editor in 0.83 ms, found 1 plugins.
Preloading 0 native plugins for Editor in 0.00 ms.
Unloading 2738 Unused Serialized files (Serialized files now loaded: 0)
System memory in use before: 123.7 MB.
System memory in use after: 123.7 MB.

Unloading 13 unused Assets to reduce memory usage. Loaded Objects now: 3177.
Total: 3.475700 ms (FindLiveObjects: 0.835200 ms CreateObjectMapping: 0.352900 ms MarkObjects: 2.163700 ms  DeleteObjects: 0.121900 ms)

========================================================================
Received Import Request.
  path: Assets/Sprites/Player/Run_withSword/Player_Run_4.png
  artifactKey: Guid(a4eaa99ca8a61414f8d1d878a98e45cd) Importer(815301076,1909f56bfc062723c751e8b465ee728b)
Start importing Assets/Sprites/Player/Run_withSword/Player_Run_4.png using Guid(a4eaa99ca8a61414f8d1d878a98e45cd) Importer(815301076,1909f56bfc062723c751e8b465ee728b)  -> (artifact id: '448e2e97ae68ad1ac3b31ad212e8a01b') in 0.116863 seconds
  Import took 0.123263 seconds .

========================================================================
Received Import Request.
  Time since last request: 0.000317 seconds.
  path: Assets/Sprites/Player/Run_withSword/Player_Run_7.png
  artifactKey: Guid(a31fba4f9dc156f47816bbb21af5345d) Importer(815301076,1909f56bfc062723c751e8b465ee728b)
Start importing Assets/Sprites/Player/Run_withSword/Player_Run_7.png using Guid(a31fba4f9dc156f47816bbb21af5345d) Importer(815301076,1909f56bfc062723c751e8b465ee728b)  -> (artifact id: 'dfefe302d13f9212d76265137516f8a8') in 0.007290 seconds
  Import took 0.012370 seconds .

========================================================================
Received Import Request.
  Time since last request: 0.000208 seconds.
  path: Assets/Sprites/Player/Run_withSword/Player_Run_3.png
  artifactKey: Guid(0a520877e1d4d52488e9de24e7ff0092) Importer(815301076,1909f56bfc062723c751e8b465ee728b)
Start importing Assets/Sprites/Player/Run_withSword/Player_Run_3.png using Guid(0a520877e1d4d52488e9de24e7ff0092) Importer(815301076,1909f56bfc062723c751e8b465ee728b)  -> (artifact id: 'd314ba8389d37736274a6894b912731c') in 0.007766 seconds
  Import took 0.014338 seconds .

========================================================================
Received Import Request.
  Time since last request: 0.000262 seconds.
  path: Assets/Sprites/Player/Run_withSword/Player_Run_6.png
  artifactKey: Guid(cbda090e46700d94f857b43919ae7b03) Importer(815301076,1909f56bfc062723c751e8b465ee728b)
Start importing Assets/Sprites/Player/Run_withSword/Player_Run_6.png using Guid(cbda090e46700d94f857b43919ae7b03) Importer(815301076,1909f56bfc062723c751e8b465ee728b)  -> (artifact id: '53900f60e4fd7f04d6b6aa90a0a1aacc') in 0.007145 seconds
  Import took 0.012019 seconds .

========================================================================
Received Import Request.
  Time since last request: 0.000286 seconds.
  path: Assets/Sprites/Player/Run_withSword/Player_Run_1.png
  artifactKey: Guid(1b637f2b50041bc439a29dffb9485063) Importer(815301076,1909f56bfc062723c751e8b465ee728b)
Start importing Assets/Sprites/Player/Run_withSword/Player_Run_1.png using Guid(1b637f2b50041bc439a29dffb9485063) Importer(815301076,1909f56bfc062723c751e8b465ee728b)  -> (artifact id: '28f6b66d257b6adc38b030e279a5513b') in 0.008289 seconds
  Import took 0.013639 seconds .

========================================================================
Received Import Request.
  Time since last request: 0.000283 seconds.
  path: Assets/Sprites/Player/Run_withSword/Player_Run_2.png
  artifactKey: Guid(c717fb95baef62448b3eee405ee69bb1) Importer(815301076,1909f56bfc062723c751e8b465ee728b)
Start importing Assets/Sprites/Player/Run_withSword/Player_Run_2.png using Guid(c717fb95baef62448b3eee405ee69bb1) Importer(815301076,1909f56bfc062723c751e8b465ee728b)  -> (artifact id: '65d545622d33a7ce49d8f02080d1e59e') in 0.008046 seconds
  Import took 0.013123 seconds .

========================================================================
Received Import Request.
  Time since last request: 0.000233 seconds.
  path: Assets/Sprites/Player/Run_withSword/Player_Run_5.png
  artifactKey: Guid(0175d962fcde31a4c80db502491c4e74) Importer(815301076,1909f56bfc062723c751e8b465ee728b)
Start importing Assets/Sprites/Player/Run_withSword/Player_Run_5.png using Guid(0175d962fcde31a4c80db502491c4e74) Importer(815301076,1909f56bfc062723c751e8b465ee728b)  -> (artifact id: '616815c4b31efc3c796ad087fc577c9c') in 0.007707 seconds
  Import took 0.012687 seconds .

========================================================================
Received Import Request.
  Time since last request: 0.000409 seconds.
  path: Assets/Sprites/Player/Run_withSword/Player_Run_8.png
  artifactKey: Guid(b2cb06ea1c6ff744094af2c6dff610cb) Importer(815301076,1909f56bfc062723c751e8b465ee728b)
Start importing Assets/Sprites/Player/Run_withSword/Player_Run_8.png using Guid(b2cb06ea1c6ff744094af2c6dff610cb) Importer(815301076,1909f56bfc062723c751e8b465ee728b)  -> (artifact id: '31b99a21e8e584cbcf7e48ed7d959da6') in 0.009271 seconds
  Import took 0.015728 seconds .

AssetImportWorkerClient::OnTransportError - code=258 error=The wait operation timed out.
