Using pre-set license
Built from 'trunk' branch; Version is '2020.2.0b1 (4ae7c5e87f33) revision 4908997'; Using compiler version '192528614'; Build Type 'Release'
OS: 'Windows 10  (10.0.0) 64bit' Language: 'en' Physical Memory: 16333 MB
BatchMode: 1, IsHumanControllingUs: 0, StartBugReporterOnCrash: 0, Is64bit: 1, IsPro: 0

 COMMAND LINE ARGUMENTS:
C:\Program Files\Unity\Hub\Editor\2020.2.0b1\Editor\Unity.exe
-adb2
-batchMode
-noUpm
-name
AssetImportWorker8
-projectPath
C:/Users/Martin/Desktop/Personal Projects/Roguelike-2D/Roguelike
-logFile
Logs/AssetImportWorker8.log
-srvPort
54798
Successfully changed project path to: C:/Users/Martin/Desktop/Personal Projects/Roguelike-2D/Roguelike
C:/Users/Martin/Desktop/Personal Projects/Roguelike-2D/Roguelike
Using Asset Import Pipeline V2.
Refreshing native plugins compatible for Editor in 59.20 ms, found 1 plugins.
Preloading 0 native plugins for Editor in 0.00 ms.
Initialize engine version: 2020.2.0b1 (4ae7c5e87f33)
[Subsystems] Discovering subsystems at path C:/Program Files/Unity/Hub/Editor/2020.2.0b1/Editor/Data/Resources/UnitySubsystems
[Subsystems] Discovering subsystems at path C:/Users/Martin/Desktop/Personal Projects/Roguelike-2D/Roguelike/Assets
GfxDevice: creating device client; threaded=0
Direct3D:
    Version:  Direct3D 11.0 [level 11.1]
    Renderer: NVIDIA GeForce GTX 1660 Ti (ID=0x2182)
    Vendor:   
    VRAM:     5991 MB
    Driver:   26.21.14.3648
Shader 'Universal Render Pipeline/Particles/Lit': fallback shader 'Universal Render Pipeline/Particles/SimpleLit' not found
Initialize mono
Mono path[0] = 'C:/Program Files/Unity/Hub/Editor/2020.2.0b1/Editor/Data/Managed'
Mono path[1] = 'C:/Program Files/Unity/Hub/Editor/2020.2.0b1/Editor/Data/MonoBleedingEdge/lib/mono/unityjit'
Mono config path = 'C:/Program Files/Unity/Hub/Editor/2020.2.0b1/Editor/Data/MonoBleedingEdge/etc'
Using monoOptions --debugger-agent=transport=dt_socket,embedding=1,server=y,suspend=n,address=127.0.0.1:56272
Begin MonoManager ReloadAssembly
Registering precompiled unity dll's ...
Register platform support module: C:/Program Files/Unity/Hub/Editor/2020.2.0b1/Editor/Data/PlaybackEngines/WindowsStandaloneSupport/UnityEditor.WindowsStandalone.Extensions.dll
Registered in 0.001791 seconds.
Native extension for WindowsStandalone target not found
Refreshing native plugins compatible for Editor in 58.19 ms, found 1 plugins.
Preloading 0 native plugins for Editor in 0.00 ms.
Invoked RoslynAnalysisRunner static constructor.
RoslynAnalysisRunner will not be running.
RoslynAnalysisRunner has terminated.
Mono: successfully reloaded assembly
- Completed reload, in  0.948 seconds
Registering precompiled user dll's ...
Registered in 0.107755 seconds.
Platform modules already initialized, skipping
Begin MonoManager ReloadAssembly
Symbol file LoadedFromMemory doesn't match image C:\Users\Martin\Desktop\Personal Projects\Roguelike-2D\Roguelike\Library\PackageCache\com.unity.ext.nunit@1.0.0\net35\unity-custom\nunit.framework.dll
Native extension for WindowsStandalone target not found
Refreshing native plugins compatible for Editor in 61.78 ms, found 1 plugins.
Preloading 0 native plugins for Editor in 0.00 ms.
Invoked RoslynAnalysisRunner static constructor.
RoslynAnalysisRunner will not be running.
RoslynAnalysisRunner has terminated.
Mono: successfully reloaded assembly
- Completed reload, in  0.934 seconds
Platform modules already initialized, skipping
========================================================================
Worker process is ready to serve import requests
Shader 'Universal Render Pipeline/Particles/Lit': fallback shader 'Universal Render Pipeline/Particles/SimpleLit' not found
Launched and connected shader compiler UnityShaderCompiler.exe after 0.06 seconds
Refreshing native plugins compatible for Editor in 0.90 ms, found 1 plugins.
Preloading 0 native plugins for Editor in 0.00 ms.
Unloading 2738 Unused Serialized files (Serialized files now loaded: 0)
System memory in use before: 123.6 MB.
System memory in use after: 123.7 MB.

Unloading 13 unused Assets to reduce memory usage. Loaded Objects now: 3177.
Total: 2.498700 ms (FindLiveObjects: 0.612700 ms CreateObjectMapping: 0.071000 ms MarkObjects: 1.694300 ms  DeleteObjects: 0.119500 ms)

========================================================================
Received Import Request.
  path: Assets/Sprites/Player/Idle_withSword/Player_Idle_4.png
  artifactKey: Guid(a1b561063db679749ab515441d2c693b) Importer(815301076,1909f56bfc062723c751e8b465ee728b)
Start importing Assets/Sprites/Player/Idle_withSword/Player_Idle_4.png using Guid(a1b561063db679749ab515441d2c693b) Importer(815301076,1909f56bfc062723c751e8b465ee728b)  -> (artifact id: '5ad6db8467c52300929cbdcefb68ab45') in 0.123717 seconds
  Import took 0.129785 seconds .

========================================================================
Received Import Request.
  Time since last request: 0.000274 seconds.
  path: Assets/Sprites/Player/Idle_withSword/Player_Idle_5.png
  artifactKey: Guid(820d263002805594dae6c20548d38e50) Importer(815301076,1909f56bfc062723c751e8b465ee728b)
Start importing Assets/Sprites/Player/Idle_withSword/Player_Idle_5.png using Guid(820d263002805594dae6c20548d38e50) Importer(815301076,1909f56bfc062723c751e8b465ee728b)  -> (artifact id: '2f6fcec056a34f614180b22f60a43dde') in 0.010659 seconds
  Import took 0.015915 seconds .

========================================================================
Received Import Request.
  Time since last request: 0.000320 seconds.
  path: Assets/Sprites/Player/Idle_withSword/Player_Idle_3.png
  artifactKey: Guid(d6833f2e26be3c04486facf194533fa0) Importer(815301076,1909f56bfc062723c751e8b465ee728b)
Start importing Assets/Sprites/Player/Idle_withSword/Player_Idle_3.png using Guid(d6833f2e26be3c04486facf194533fa0) Importer(815301076,1909f56bfc062723c751e8b465ee728b)  -> (artifact id: '18652fd683b5d23a3b3f8a2b3fbebef8') in 0.011831 seconds
  Import took 0.016978 seconds .

========================================================================
Received Import Request.
  Time since last request: 0.000245 seconds.
  path: Assets/Sprites/Player/Idle_withSword/Player_Idle_2.png
  artifactKey: Guid(50f6f1b771c80c04693c362be15467f2) Importer(815301076,1909f56bfc062723c751e8b465ee728b)
Start importing Assets/Sprites/Player/Idle_withSword/Player_Idle_2.png using Guid(50f6f1b771c80c04693c362be15467f2) Importer(815301076,1909f56bfc062723c751e8b465ee728b)  -> (artifact id: 'f5b694c9e5272e41f2d3b86537890c56') in 0.011308 seconds
  Import took 0.016273 seconds .

========================================================================
Received Import Request.
  Time since last request: 0.000281 seconds.
  path: Assets/Sprites/Player/Idle_withSword/Player_Idle_6.png
  artifactKey: Guid(b27a97ac50e692d4fae47f51662dd1df) Importer(815301076,1909f56bfc062723c751e8b465ee728b)
Start importing Assets/Sprites/Player/Idle_withSword/Player_Idle_6.png using Guid(b27a97ac50e692d4fae47f51662dd1df) Importer(815301076,1909f56bfc062723c751e8b465ee728b)  -> (artifact id: '5e64680683e2fa734e6247db56655ded') in 0.009709 seconds
  Import took 0.014999 seconds .

========================================================================
Received Import Request.
  Time since last request: 0.000234 seconds.
  path: Assets/Sprites/Player/Idle_withSword/Player_Idle_3.png
  artifactKey: Guid(d6833f2e26be3c04486facf194533fa0) Importer(815301076,1909f56bfc062723c751e8b465ee728b)
Start importing Assets/Sprites/Player/Idle_withSword/Player_Idle_3.png using Guid(d6833f2e26be3c04486facf194533fa0) Importer(815301076,1909f56bfc062723c751e8b465ee728b)  -> (artifact id: '18652fd683b5d23a3b3f8a2b3fbebef8') in 0.009968 seconds
  Import took 0.015824 seconds .

========================================================================
Received Import Request.
  Time since last request: 0.000179 seconds.
  path: Assets/Sprites/Player/Idle_withSword/Player_Idle_6.png
  artifactKey: Guid(b27a97ac50e692d4fae47f51662dd1df) Importer(815301076,1909f56bfc062723c751e8b465ee728b)
Start importing Assets/Sprites/Player/Idle_withSword/Player_Idle_6.png using Guid(b27a97ac50e692d4fae47f51662dd1df) Importer(815301076,1909f56bfc062723c751e8b465ee728b)  -> (artifact id: '5e64680683e2fa734e6247db56655ded') in 0.008982 seconds
  Import took 0.014731 seconds .

AssetImportWorkerClient::OnTransportError - code=258 error=The wait operation timed out.
