Using pre-set license
Built from 'trunk' branch; Version is '2020.2.0b1 (4ae7c5e87f33) revision 4908997'; Using compiler version '192528614'; Build Type 'Release'
OS: 'Windows 10  (10.0.0) 64bit' Language: 'en' Physical Memory: 16333 MB
BatchMode: 1, IsHumanControllingUs: 0, StartBugReporterOnCrash: 0, Is64bit: 1, IsPro: 0

 COMMAND LINE ARGUMENTS:
C:\Program Files\Unity\Hub\Editor\2020.2.0b1\Editor\Unity.exe
-adb2
-batchMode
-noUpm
-name
AssetImportWorker2
-projectPath
C:/Users/Martin/Desktop/Personal Projects/Roguelike-2D/Roguelike
-logFile
Logs/AssetImportWorker2.log
-srvPort
54798
Successfully changed project path to: C:/Users/Martin/Desktop/Personal Projects/Roguelike-2D/Roguelike
C:/Users/Martin/Desktop/Personal Projects/Roguelike-2D/Roguelike
Using Asset Import Pipeline V2.
Refreshing native plugins compatible for Editor in 61.33 ms, found 1 plugins.
Preloading 0 native plugins for Editor in 0.00 ms.
Initialize engine version: 2020.2.0b1 (4ae7c5e87f33)
[Subsystems] Discovering subsystems at path C:/Program Files/Unity/Hub/Editor/2020.2.0b1/Editor/Data/Resources/UnitySubsystems
[Subsystems] Discovering subsystems at path C:/Users/Martin/Desktop/Personal Projects/Roguelike-2D/Roguelike/Assets
GfxDevice: creating device client; threaded=0
Direct3D:
    Version:  Direct3D 11.0 [level 11.1]
    Renderer: NVIDIA GeForce GTX 1660 Ti (ID=0x2182)
    Vendor:   
    VRAM:     5991 MB
    Driver:   26.21.14.3648
Shader 'Universal Render Pipeline/Particles/Lit': fallback shader 'Universal Render Pipeline/Particles/SimpleLit' not found
Initialize mono
Mono path[0] = 'C:/Program Files/Unity/Hub/Editor/2020.2.0b1/Editor/Data/Managed'
Mono path[1] = 'C:/Program Files/Unity/Hub/Editor/2020.2.0b1/Editor/Data/MonoBleedingEdge/lib/mono/unityjit'
Mono config path = 'C:/Program Files/Unity/Hub/Editor/2020.2.0b1/Editor/Data/MonoBleedingEdge/etc'
Using monoOptions --debugger-agent=transport=dt_socket,embedding=1,server=y,suspend=n,address=127.0.0.1:56972
Begin MonoManager ReloadAssembly
Registering precompiled unity dll's ...
Register platform support module: C:/Program Files/Unity/Hub/Editor/2020.2.0b1/Editor/Data/PlaybackEngines/WindowsStandaloneSupport/UnityEditor.WindowsStandalone.Extensions.dll
Registered in 0.001618 seconds.
Native extension for WindowsStandalone target not found
Refreshing native plugins compatible for Editor in 51.14 ms, found 1 plugins.
Preloading 0 native plugins for Editor in 0.00 ms.
Invoked RoslynAnalysisRunner static constructor.
RoslynAnalysisRunner will not be running.
RoslynAnalysisRunner has terminated.
Mono: successfully reloaded assembly
- Completed reload, in  0.961 seconds
Registering precompiled user dll's ...
Registered in 0.098419 seconds.
Platform modules already initialized, skipping
Begin MonoManager ReloadAssembly
Symbol file LoadedFromMemory doesn't match image C:\Users\Martin\Desktop\Personal Projects\Roguelike-2D\Roguelike\Library\PackageCache\com.unity.ext.nunit@1.0.0\net35\unity-custom\nunit.framework.dll
Native extension for WindowsStandalone target not found
Refreshing native plugins compatible for Editor in 58.41 ms, found 1 plugins.
Preloading 0 native plugins for Editor in 0.00 ms.
Invoked RoslynAnalysisRunner static constructor.
RoslynAnalysisRunner will not be running.
RoslynAnalysisRunner has terminated.
Mono: successfully reloaded assembly
- Completed reload, in  0.857 seconds
Platform modules already initialized, skipping
========================================================================
Worker process is ready to serve import requests
Shader 'Universal Render Pipeline/Particles/Lit': fallback shader 'Universal Render Pipeline/Particles/SimpleLit' not found
Launched and connected shader compiler UnityShaderCompiler.exe after 0.06 seconds
Refreshing native plugins compatible for Editor in 0.74 ms, found 1 plugins.
Preloading 0 native plugins for Editor in 0.00 ms.
Unloading 2738 Unused Serialized files (Serialized files now loaded: 0)
System memory in use before: 123.7 MB.
System memory in use after: 123.7 MB.

Unloading 13 unused Assets to reduce memory usage. Loaded Objects now: 3177.
Total: 2.486800 ms (FindLiveObjects: 0.602600 ms CreateObjectMapping: 0.079200 ms MarkObjects: 1.691000 ms  DeleteObjects: 0.112700 ms)

========================================================================
Received Import Request.
  path: Assets/Sprites/Player/Idle_withSword/Player_Idle_4.png
  artifactKey: Guid(a1b561063db679749ab515441d2c693b) Importer(815301076,1909f56bfc062723c751e8b465ee728b)
Start importing Assets/Sprites/Player/Idle_withSword/Player_Idle_4.png using Guid(a1b561063db679749ab515441d2c693b) Importer(815301076,1909f56bfc062723c751e8b465ee728b)  -> (artifact id: 'bfb96c5efca46f7e599a33e91ea18ce0') in 0.112488 seconds
  Import took 0.118451 seconds .

========================================================================
Received Import Request.
  Time since last request: 0.000305 seconds.
  path: Assets/Sprites/Warrior
  artifactKey: Guid(c97ac1c68c1e36743afd495d7f48cae3) Importer(815301076,1909f56bfc062723c751e8b465ee728b)
Start importing Assets/Sprites/Warrior using Guid(c97ac1c68c1e36743afd495d7f48cae3) Importer(815301076,1909f56bfc062723c751e8b465ee728b)  -> (artifact id: 'b1d36298e9ede119bc98d36283b1d02a') in 0.002642 seconds
  Import took 0.008811 seconds .

========================================================================
Received Import Request.
  Time since last request: 0.000317 seconds.
  path: Assets/Sprites/Player/Idle_withSword/Player_Idle_5.png
  artifactKey: Guid(820d263002805594dae6c20548d38e50) Importer(815301076,1909f56bfc062723c751e8b465ee728b)
Start importing Assets/Sprites/Player/Idle_withSword/Player_Idle_5.png using Guid(820d263002805594dae6c20548d38e50) Importer(815301076,1909f56bfc062723c751e8b465ee728b)  -> (artifact id: '3b3a7cd8f2d9cfb8833ec76c377df752') in 0.008866 seconds
  Import took 0.016084 seconds .

========================================================================
Received Import Request.
  Time since last request: 0.000270 seconds.
  path: Assets/Sprites/NEw pack blood
  artifactKey: Guid(b18e63ee21c7eda46a257a58011eede4) Importer(815301076,1909f56bfc062723c751e8b465ee728b)
Start importing Assets/Sprites/NEw pack blood using Guid(b18e63ee21c7eda46a257a58011eede4) Importer(815301076,1909f56bfc062723c751e8b465ee728b)  -> (artifact id: '076fd007e31b5189bf68dcadef8238de') in 0.004202 seconds
  Import took 0.009770 seconds .

========================================================================
Received Import Request.
  Time since last request: 0.000276 seconds.
  path: Assets/Sprites/Player/Idle_withSword/Player_Idle_3.png
  artifactKey: Guid(d6833f2e26be3c04486facf194533fa0) Importer(815301076,1909f56bfc062723c751e8b465ee728b)
Start importing Assets/Sprites/Player/Idle_withSword/Player_Idle_3.png using Guid(d6833f2e26be3c04486facf194533fa0) Importer(815301076,1909f56bfc062723c751e8b465ee728b)  -> (artifact id: 'de95e5973ca7cb97c82036ca32d320cc') in 0.012743 seconds
  Import took 0.017751 seconds .

========================================================================
Received Import Request.
  Time since last request: 0.000253 seconds.
  path: Assets/Sprites/0x72_DungeonTilesetII_v1.3.1
  artifactKey: Guid(12a5210687239534595861bcb654425d) Importer(815301076,1909f56bfc062723c751e8b465ee728b)
Start importing Assets/Sprites/0x72_DungeonTilesetII_v1.3.1 using Guid(12a5210687239534595861bcb654425d) Importer(815301076,1909f56bfc062723c751e8b465ee728b)  -> (artifact id: 'e70604d8cbfcec3fcb6e84e3b839e21d') in 0.003042 seconds
  Import took 0.008187 seconds .

========================================================================
Received Import Request.
  Time since last request: 0.000255 seconds.
  path: Assets/Sprites/Player
  artifactKey: Guid(83a0e5a54a507e644b258ed006528953) Importer(815301076,1909f56bfc062723c751e8b465ee728b)
Start importing Assets/Sprites/Player using Guid(83a0e5a54a507e644b258ed006528953) Importer(815301076,1909f56bfc062723c751e8b465ee728b)  -> (artifact id: '435f81d636305b0e3730469170ec3c71') in 0.002727 seconds
  Import took 0.007398 seconds .

========================================================================
Received Import Request.
  Time since last request: 0.000278 seconds.
  path: Assets/Sprites/Player/Idle_withSword/Player_Idle_1.png
  artifactKey: Guid(5a360ce8df024214cbbb24190566131b) Importer(815301076,1909f56bfc062723c751e8b465ee728b)
Start importing Assets/Sprites/Player/Idle_withSword/Player_Idle_1.png using Guid(5a360ce8df024214cbbb24190566131b) Importer(815301076,1909f56bfc062723c751e8b465ee728b)  -> (artifact id: 'e7e1b6281d2ddc9ec658217229178856') in 0.012661 seconds
  Import took 0.020508 seconds .

========================================================================
Received Import Request.
  Time since last request: 0.000356 seconds.
  path: Assets/Sprites/2D Pixel Dungeon Asset Pack
  artifactKey: Guid(97f3aa02d0f70794caf9acd4e34ee13d) Importer(815301076,1909f56bfc062723c751e8b465ee728b)
Start importing Assets/Sprites/2D Pixel Dungeon Asset Pack using Guid(97f3aa02d0f70794caf9acd4e34ee13d) Importer(815301076,1909f56bfc062723c751e8b465ee728b)  -> (artifact id: '769a777e280ad6681c873e5c26216279') in 0.002834 seconds
  Import took 0.009370 seconds .

========================================================================
Received Import Request.
  Time since last request: 0.000253 seconds.
  path: Assets/Sprites/Player/Run
  artifactKey: Guid(7633137599142fd4eacaff3f608a9a83) Importer(815301076,1909f56bfc062723c751e8b465ee728b)
Start importing Assets/Sprites/Player/Run using Guid(7633137599142fd4eacaff3f608a9a83) Importer(815301076,1909f56bfc062723c751e8b465ee728b)  -> (artifact id: 'aca36326c200798a72916231540eca8d') in 0.002917 seconds
  Import took 0.009097 seconds .

========================================================================
Received Import Request.
  Time since last request: 0.000274 seconds.
  path: Assets/Sprites/bow.png
  artifactKey: Guid(60e1cb083a9753d4c860b3ddb6bd8b05) Importer(815301076,1909f56bfc062723c751e8b465ee728b)
Start importing Assets/Sprites/bow.png using Guid(60e1cb083a9753d4c860b3ddb6bd8b05) Importer(815301076,1909f56bfc062723c751e8b465ee728b)  -> (artifact id: 'ae20284f3b7dd09d2ff8ddb813ce7e56') in 0.011593 seconds
  Import took 0.017419 seconds .

========================================================================
Received Import Request.
  Time since last request: 0.000290 seconds.
  path: Assets/Sprites/Player/Idle
  artifactKey: Guid(5ea4fc825d6bbd04cb181c6e973deb0b) Importer(815301076,1909f56bfc062723c751e8b465ee728b)
Start importing Assets/Sprites/Player/Idle using Guid(5ea4fc825d6bbd04cb181c6e973deb0b) Importer(815301076,1909f56bfc062723c751e8b465ee728b)  -> (artifact id: '0ee0cbdec42a70aff45812d219a32390') in 0.002765 seconds
  Import took 0.007986 seconds .

========================================================================
Received Import Request.
  Time since last request: 0.000252 seconds.
  path: Assets/Sprites/Enchanted Forest - Individual Frames
  artifactKey: Guid(2328f96154a986444b00d9fbdfb9f6a6) Importer(815301076,1909f56bfc062723c751e8b465ee728b)
Start importing Assets/Sprites/Enchanted Forest - Individual Frames using Guid(2328f96154a986444b00d9fbdfb9f6a6) Importer(815301076,1909f56bfc062723c751e8b465ee728b)  -> (artifact id: '390dac061804a74035e1b46a6926ab8d') in 0.003313 seconds
  Import took 0.008357 seconds .

========================================================================
Received Import Request.
  Time since last request: 0.000279 seconds.
  path: Assets/Sprites/Player/Idle_withSword/Player_Idle_2.png
  artifactKey: Guid(50f6f1b771c80c04693c362be15467f2) Importer(815301076,1909f56bfc062723c751e8b465ee728b)
Start importing Assets/Sprites/Player/Idle_withSword/Player_Idle_2.png using Guid(50f6f1b771c80c04693c362be15467f2) Importer(815301076,1909f56bfc062723c751e8b465ee728b)  -> (artifact id: 'db8b437c4ccbf187951405b4060d830e') in 0.007544 seconds
  Import took 0.012936 seconds .

========================================================================
Received Import Request.
  Time since last request: 0.000345 seconds.
  path: Assets/Sprites/ThaleahFat.ttf
  artifactKey: Guid(3251cc42fe279ce4d967a9cc8a89c2cf) Importer(815301076,1909f56bfc062723c751e8b465ee728b)
Start importing Assets/Sprites/ThaleahFat.ttf using Guid(3251cc42fe279ce4d967a9cc8a89c2cf) Importer(815301076,1909f56bfc062723c751e8b465ee728b)  -> (artifact id: 'b7605528daa3dbf73a5eb6ac741d6dd0') in 0.138048 seconds
  Import took 0.143830 seconds .

========================================================================
Received Import Request.
  Time since last request: 0.000254 seconds.
  path: Assets/Sprites/arrow.png
  artifactKey: Guid(10ed9fa8653318c4494ae6bc40100840) Importer(815301076,1909f56bfc062723c751e8b465ee728b)
Start importing Assets/Sprites/arrow.png using Guid(10ed9fa8653318c4494ae6bc40100840) Importer(815301076,1909f56bfc062723c751e8b465ee728b)  -> (artifact id: '25b5e894d948ae1925ef923d6eba6c51') in 0.010970 seconds
  Import took 0.016066 seconds .

========================================================================
Received Import Request.
  Time since last request: 0.000239 seconds.
  path: Assets/Sprites/Player/Idle_withSword
  artifactKey: Guid(f0c44c6cf36a4a44380585cbd04cd362) Importer(815301076,1909f56bfc062723c751e8b465ee728b)
Start importing Assets/Sprites/Player/Idle_withSword using Guid(f0c44c6cf36a4a44380585cbd04cd362) Importer(815301076,1909f56bfc062723c751e8b465ee728b)  -> (artifact id: '454044007945404108727633db2d3ad7') in 0.002911 seconds
  Import took 0.008151 seconds .

========================================================================
Received Import Request.
  Time since last request: 0.000273 seconds.
  path: Assets/Sprites/Player/Idle_withSword/Player_Idle_6.png
  artifactKey: Guid(b27a97ac50e692d4fae47f51662dd1df) Importer(815301076,1909f56bfc062723c751e8b465ee728b)
Start importing Assets/Sprites/Player/Idle_withSword/Player_Idle_6.png using Guid(b27a97ac50e692d4fae47f51662dd1df) Importer(815301076,1909f56bfc062723c751e8b465ee728b)  -> (artifact id: 'e08c59d4bbc9e6ea47d03f6faf7a597a') in 0.008109 seconds
  Import took 0.013836 seconds .

========================================================================
Received Import Request.
  Time since last request: 0.000638 seconds.
  path: Assets/Sprites/Player/Run_withSword
  artifactKey: Guid(0557aefbf0f0e064db2325e8f706645a) Importer(815301076,1909f56bfc062723c751e8b465ee728b)
Start importing Assets/Sprites/Player/Run_withSword using Guid(0557aefbf0f0e064db2325e8f706645a) Importer(815301076,1909f56bfc062723c751e8b465ee728b)  -> (artifact id: 'f58752de22fcacca36acdbc35fb47aba') in 0.002818 seconds
  Import took 0.008078 seconds .

AssetImportWorkerClient::OnTransportError - code=258 error=The wait operation timed out.
