Using pre-set license
Built from 'trunk' branch; Version is '2020.2.0b1 (4ae7c5e87f33) revision 4908997'; Using compiler version '192528614'; Build Type 'Release'
OS: 'Windows 10  (10.0.0) 64bit' Language: 'en' Physical Memory: 16333 MB
BatchMode: 1, IsHumanControllingUs: 0, StartBugReporterOnCrash: 0, Is64bit: 1, IsPro: 0

 COMMAND LINE ARGUMENTS:
C:\Program Files\Unity\Hub\Editor\2020.2.0b1\Editor\Unity.exe
-adb2
-batchMode
-noUpm
-name
AssetImportWorker5
-projectPath
C:/Users/Martin/Desktop/Personal Projects/Roguelike-2D/Roguelike
-logFile
Logs/AssetImportWorker5.log
-srvPort
54798
Successfully changed project path to: C:/Users/Martin/Desktop/Personal Projects/Roguelike-2D/Roguelike
C:/Users/Martin/Desktop/Personal Projects/Roguelike-2D/Roguelike
Using Asset Import Pipeline V2.
Refreshing native plugins compatible for Editor in 65.29 ms, found 1 plugins.
Preloading 0 native plugins for Editor in 0.00 ms.
Initialize engine version: 2020.2.0b1 (4ae7c5e87f33)
[Subsystems] Discovering subsystems at path C:/Program Files/Unity/Hub/Editor/2020.2.0b1/Editor/Data/Resources/UnitySubsystems
[Subsystems] Discovering subsystems at path C:/Users/Martin/Desktop/Personal Projects/Roguelike-2D/Roguelike/Assets
GfxDevice: creating device client; threaded=0
Direct3D:
    Version:  Direct3D 11.0 [level 11.1]
    Renderer: NVIDIA GeForce GTX 1660 Ti (ID=0x2182)
    Vendor:   
    VRAM:     5991 MB
    Driver:   26.21.14.3648
Shader 'Universal Render Pipeline/Particles/Lit': fallback shader 'Universal Render Pipeline/Particles/SimpleLit' not found
Initialize mono
Mono path[0] = 'C:/Program Files/Unity/Hub/Editor/2020.2.0b1/Editor/Data/Managed'
Mono path[1] = 'C:/Program Files/Unity/Hub/Editor/2020.2.0b1/Editor/Data/MonoBleedingEdge/lib/mono/unityjit'
Mono config path = 'C:/Program Files/Unity/Hub/Editor/2020.2.0b1/Editor/Data/MonoBleedingEdge/etc'
Using monoOptions --debugger-agent=transport=dt_socket,embedding=1,server=y,suspend=n,address=127.0.0.1:56700
Begin MonoManager ReloadAssembly
Registering precompiled unity dll's ...
Register platform support module: C:/Program Files/Unity/Hub/Editor/2020.2.0b1/Editor/Data/PlaybackEngines/WindowsStandaloneSupport/UnityEditor.WindowsStandalone.Extensions.dll
Registered in 0.001382 seconds.
Native extension for WindowsStandalone target not found
Refreshing native plugins compatible for Editor in 51.40 ms, found 1 plugins.
Preloading 0 native plugins for Editor in 0.00 ms.
Invoked RoslynAnalysisRunner static constructor.
RoslynAnalysisRunner will not be running.
RoslynAnalysisRunner has terminated.
Mono: successfully reloaded assembly
- Completed reload, in  0.945 seconds
Registering precompiled user dll's ...
Registered in 0.104983 seconds.
Platform modules already initialized, skipping
Begin MonoManager ReloadAssembly
Symbol file LoadedFromMemory doesn't match image C:\Users\Martin\Desktop\Personal Projects\Roguelike-2D\Roguelike\Library\PackageCache\com.unity.ext.nunit@1.0.0\net35\unity-custom\nunit.framework.dll
Native extension for WindowsStandalone target not found
Refreshing native plugins compatible for Editor in 57.95 ms, found 1 plugins.
Preloading 0 native plugins for Editor in 0.00 ms.
Invoked RoslynAnalysisRunner static constructor.
RoslynAnalysisRunner will not be running.
RoslynAnalysisRunner has terminated.
Mono: successfully reloaded assembly
- Completed reload, in  0.824 seconds
Platform modules already initialized, skipping
========================================================================
Worker process is ready to serve import requests
Shader 'Universal Render Pipeline/Particles/Lit': fallback shader 'Universal Render Pipeline/Particles/SimpleLit' not found
Launched and connected shader compiler UnityShaderCompiler.exe after 0.06 seconds
Refreshing native plugins compatible for Editor in 0.74 ms, found 1 plugins.
Preloading 0 native plugins for Editor in 0.00 ms.
Unloading 2738 Unused Serialized files (Serialized files now loaded: 0)
System memory in use before: 123.7 MB.
System memory in use after: 123.7 MB.

Unloading 13 unused Assets to reduce memory usage. Loaded Objects now: 3177.
Total: 2.434500 ms (FindLiveObjects: 0.584500 ms CreateObjectMapping: 0.074200 ms MarkObjects: 1.664700 ms  DeleteObjects: 0.109900 ms)

========================================================================
Received Import Request.
  path: Assets/Sprites/Player/Idle_withSword/Player_Idle_4.png
  artifactKey: Guid(a1b561063db679749ab515441d2c693b) Importer(815301076,1909f56bfc062723c751e8b465ee728b)
Start importing Assets/Sprites/Player/Idle_withSword/Player_Idle_4.png using Guid(a1b561063db679749ab515441d2c693b) Importer(815301076,1909f56bfc062723c751e8b465ee728b)  -> (artifact id: '9d6944ee17f97fbb7c0fb36b99762cc2') in 0.106767 seconds
  Import took 0.112578 seconds .

========================================================================
Received Import Request.
  Time since last request: 0.000279 seconds.
  path: Assets/Sprites/Player/Idle_withSword/Player_Idle_5.png
  artifactKey: Guid(820d263002805594dae6c20548d38e50) Importer(815301076,1909f56bfc062723c751e8b465ee728b)
Start importing Assets/Sprites/Player/Idle_withSword/Player_Idle_5.png using Guid(820d263002805594dae6c20548d38e50) Importer(815301076,1909f56bfc062723c751e8b465ee728b)  -> (artifact id: '7c6ad536615d21503e5ad89a4096b8d9') in 0.007340 seconds
  Import took 0.011909 seconds .

========================================================================
Received Import Request.
  Time since last request: 0.000257 seconds.
  path: Assets/Sprites/Player/Idle_withSword/Player_Idle_3.png
  artifactKey: Guid(d6833f2e26be3c04486facf194533fa0) Importer(815301076,1909f56bfc062723c751e8b465ee728b)
Start importing Assets/Sprites/Player/Idle_withSword/Player_Idle_3.png using Guid(d6833f2e26be3c04486facf194533fa0) Importer(815301076,1909f56bfc062723c751e8b465ee728b)  -> (artifact id: 'b96a01a2cffb1f7dd6ae73aabdbfff22') in 0.007256 seconds
  Import took 0.012572 seconds .

========================================================================
Received Import Request.
  Time since last request: 0.000259 seconds.
  path: Assets/Sprites/Player/Idle_withSword/Player_Idle_2.png
  artifactKey: Guid(50f6f1b771c80c04693c362be15467f2) Importer(815301076,1909f56bfc062723c751e8b465ee728b)
Start importing Assets/Sprites/Player/Idle_withSword/Player_Idle_2.png using Guid(50f6f1b771c80c04693c362be15467f2) Importer(815301076,1909f56bfc062723c751e8b465ee728b)  -> (artifact id: '5541fa559941eeed94df6302c2a8a886') in 0.011066 seconds
  Import took 0.015895 seconds .

========================================================================
Received Import Request.
  Time since last request: 0.000292 seconds.
  path: Assets/Sprites/Player/Idle_withSword/Player_Idle_6.png
  artifactKey: Guid(b27a97ac50e692d4fae47f51662dd1df) Importer(815301076,1909f56bfc062723c751e8b465ee728b)
Start importing Assets/Sprites/Player/Idle_withSword/Player_Idle_6.png using Guid(b27a97ac50e692d4fae47f51662dd1df) Importer(815301076,1909f56bfc062723c751e8b465ee728b)  -> (artifact id: '49bb5bb9d70612eb9d88cdf31872c147') in 0.011215 seconds
  Import took 0.016093 seconds .

========================================================================
Received Import Request.
  Time since last request: 0.000287 seconds.
  path: Assets/Sprites/Player/Idle_withSword/Player_Idle_2.png
  artifactKey: Guid(50f6f1b771c80c04693c362be15467f2) Importer(815301076,1909f56bfc062723c751e8b465ee728b)
Start importing Assets/Sprites/Player/Idle_withSword/Player_Idle_2.png using Guid(50f6f1b771c80c04693c362be15467f2) Importer(815301076,1909f56bfc062723c751e8b465ee728b)  -> (artifact id: '5541fa559941eeed94df6302c2a8a886') in 0.010901 seconds
  Import took 0.015784 seconds .

========================================================================
Received Import Request.
  Time since last request: 0.000265 seconds.
  path: Assets/Sprites/Player/Idle_withSword/Player_Idle_6.png
  artifactKey: Guid(b27a97ac50e692d4fae47f51662dd1df) Importer(815301076,1909f56bfc062723c751e8b465ee728b)
Start importing Assets/Sprites/Player/Idle_withSword/Player_Idle_6.png using Guid(b27a97ac50e692d4fae47f51662dd1df) Importer(815301076,1909f56bfc062723c751e8b465ee728b)  -> (artifact id: '49bb5bb9d70612eb9d88cdf31872c147') in 0.010261 seconds
  Import took 0.015316 seconds .

AssetImportWorkerClient::OnTransportError - code=258 error=The wait operation timed out.
