Using pre-set license
Built from 'trunk' branch; Version is '2020.2.0b1 (4ae7c5e87f33) revision 4908997'; Using compiler version '192528614'; Build Type 'Release'
OS: 'Windows 10  (10.0.0) 64bit' Language: 'en' Physical Memory: 16333 MB
BatchMode: 1, IsHumanControllingUs: 0, StartBugReporterOnCrash: 0, Is64bit: 1, IsPro: 0

 COMMAND LINE ARGUMENTS:
C:\Program Files\Unity\Hub\Editor\2020.2.0b1\Editor\Unity.exe
-adb2
-batchMode
-noUpm
-name
AssetImportWorker1
-projectPath
C:/Users/Martin/Desktop/Personal Projects/Roguelike-2D/Roguelike
-logFile
Logs/AssetImportWorker1.log
-srvPort
60239
Successfully changed project path to: C:/Users/Martin/Desktop/Personal Projects/Roguelike-2D/Roguelike
C:/Users/Martin/Desktop/Personal Projects/Roguelike-2D/Roguelike
Using Asset Import Pipeline V2.
Refreshing native plugins compatible for Editor in 57.83 ms, found 1 plugins.
Preloading 0 native plugins for Editor in 0.00 ms.
Initialize engine version: 2020.2.0b1 (4ae7c5e87f33)
[Subsystems] Discovering subsystems at path C:/Program Files/Unity/Hub/Editor/2020.2.0b1/Editor/Data/Resources/UnitySubsystems
[Subsystems] Discovering subsystems at path C:/Users/Martin/Desktop/Personal Projects/Roguelike-2D/Roguelike/Assets
GfxDevice: creating device client; threaded=0
Direct3D:
    Version:  Direct3D 11.0 [level 11.1]
    Renderer: NVIDIA GeForce GTX 1660 Ti (ID=0x2182)
    Vendor:   
    VRAM:     5991 MB
    Driver:   26.21.14.3648
Shader 'Universal Render Pipeline/Particles/Lit': fallback shader 'Universal Render Pipeline/Particles/SimpleLit' not found
Initialize mono
Mono path[0] = 'C:/Program Files/Unity/Hub/Editor/2020.2.0b1/Editor/Data/Managed'
Mono path[1] = 'C:/Program Files/Unity/Hub/Editor/2020.2.0b1/Editor/Data/MonoBleedingEdge/lib/mono/unityjit'
Mono config path = 'C:/Program Files/Unity/Hub/Editor/2020.2.0b1/Editor/Data/MonoBleedingEdge/etc'
Using monoOptions --debugger-agent=transport=dt_socket,embedding=1,server=y,suspend=n,address=127.0.0.1:56540
Begin MonoManager ReloadAssembly
Registering precompiled unity dll's ...
Register platform support module: C:/Program Files/Unity/Hub/Editor/2020.2.0b1/Editor/Data/PlaybackEngines/WindowsStandaloneSupport/UnityEditor.WindowsStandalone.Extensions.dll
Registered in 0.001320 seconds.
Native extension for WindowsStandalone target not found
Refreshing native plugins compatible for Editor in 52.28 ms, found 1 plugins.
Preloading 0 native plugins for Editor in 0.00 ms.
Invoked RoslynAnalysisRunner static constructor.
RoslynAnalysisRunner will not be running.
RoslynAnalysisRunner has terminated.
Mono: successfully reloaded assembly
- Completed reload, in  0.863 seconds
Registering precompiled user dll's ...
Registered in 0.095834 seconds.
Platform modules already initialized, skipping
Begin MonoManager ReloadAssembly
Symbol file LoadedFromMemory doesn't match image C:\Users\Martin\Desktop\Personal Projects\Roguelike-2D\Roguelike\Library\PackageCache\com.unity.ext.nunit@1.0.0\net35\unity-custom\nunit.framework.dll
Native extension for WindowsStandalone target not found
Refreshing native plugins compatible for Editor in 54.33 ms, found 1 plugins.
Preloading 0 native plugins for Editor in 0.00 ms.
Invoked RoslynAnalysisRunner static constructor.
RoslynAnalysisRunner will not be running.
RoslynAnalysisRunner has terminated.
Mono: successfully reloaded assembly
- Completed reload, in  0.798 seconds
Platform modules already initialized, skipping
========================================================================
Worker process is ready to serve import requests
Shader 'Universal Render Pipeline/Particles/Lit': fallback shader 'Universal Render Pipeline/Particles/SimpleLit' not found
Launched and connected shader compiler UnityShaderCompiler.exe after 0.06 seconds
Refreshing native plugins compatible for Editor in 0.73 ms, found 1 plugins.
Preloading 0 native plugins for Editor in 0.00 ms.
Unloading 2738 Unused Serialized files (Serialized files now loaded: 0)
System memory in use before: 123.7 MB.
System memory in use after: 123.7 MB.

Unloading 13 unused Assets to reduce memory usage. Loaded Objects now: 3177.
Total: 2.602400 ms (FindLiveObjects: 0.702500 ms CreateObjectMapping: 0.141700 ms MarkObjects: 1.641900 ms  DeleteObjects: 0.115300 ms)

========================================================================
Received Import Request.
  path: Assets/Sprites/2D Pixel Dungeon Asset Pack/Dungeon_Character_at.png
  artifactKey: Guid(1ce29f9970f17c14695e75b11ef4486e) Importer(815301076,1909f56bfc062723c751e8b465ee728b)
Start importing Assets/Sprites/2D Pixel Dungeon Asset Pack/Dungeon_Character_at.png using Guid(1ce29f9970f17c14695e75b11ef4486e) Importer(815301076,1909f56bfc062723c751e8b465ee728b)  -> (artifact id: '0953993e81084d895a71b26e0550a95e') in 0.114315 seconds
  Import took 0.120279 seconds .

========================================================================
Received Import Request.
  Time since last request: 0.000291 seconds.
  path: Assets/Sprites/2D Pixel Dungeon Asset Pack/items and trap_animation
  artifactKey: Guid(c170abf4e6a94444e8becf1ccf3ed090) Importer(815301076,1909f56bfc062723c751e8b465ee728b)
Start importing Assets/Sprites/2D Pixel Dungeon Asset Pack/items and trap_animation using Guid(c170abf4e6a94444e8becf1ccf3ed090) Importer(815301076,1909f56bfc062723c751e8b465ee728b)  -> (artifact id: '6ecdedfe7f5677683c3f022416772f0a') in 0.002961 seconds
  Import took 0.007906 seconds .

========================================================================
Received Import Request.
  Time since last request: 0.000278 seconds.
  path: Assets/Sprites/2D Pixel Dungeon Asset Pack/Dungeon_Tileset_at.png
  artifactKey: Guid(e524bb3d2073a1f4e916e973b8866166) Importer(815301076,1909f56bfc062723c751e8b465ee728b)
Start importing Assets/Sprites/2D Pixel Dungeon Asset Pack/Dungeon_Tileset_at.png using Guid(e524bb3d2073a1f4e916e973b8866166) Importer(815301076,1909f56bfc062723c751e8b465ee728b)  -> (artifact id: '7efa91c327bb69dd16cc6f62af011eba') in 0.019653 seconds
  Import took 0.025362 seconds .

========================================================================
Received Import Request.
  Time since last request: 0.000244 seconds.
  path: Assets/Sprites/2D Pixel Dungeon Asset Pack/interface
  artifactKey: Guid(db5ad94edeacce84b93b4eaffeb857f6) Importer(815301076,1909f56bfc062723c751e8b465ee728b)
Start importing Assets/Sprites/2D Pixel Dungeon Asset Pack/interface using Guid(db5ad94edeacce84b93b4eaffeb857f6) Importer(815301076,1909f56bfc062723c751e8b465ee728b)  -> (artifact id: '0ecb17df02d1e2f3870b9cdd7de7030c') in 0.002862 seconds
  Import took 0.008185 seconds .

========================================================================
Received Import Request.
  Time since last request: 0.000345 seconds.
  path: Assets/Sprites/2D Pixel Dungeon Asset Pack/Dungeon_gif.gif
  artifactKey: Guid(3e39d662de289a44a990dca8f708e332) Importer(815301076,1909f56bfc062723c751e8b465ee728b)
Start importing Assets/Sprites/2D Pixel Dungeon Asset Pack/Dungeon_gif.gif using Guid(3e39d662de289a44a990dca8f708e332) Importer(815301076,1909f56bfc062723c751e8b465ee728b)  -> (artifact id: '861e922a5c5e68ea48bdef362dcb954a') in 0.016168 seconds
  Import took 0.021703 seconds .

========================================================================
Received Import Request.
  Time since last request: 0.000256 seconds.
  path: Assets/Sprites/2D Pixel Dungeon Asset Pack/Character_animation
  artifactKey: Guid(cb5b4a892c5841844bde091a57d323b2) Importer(815301076,1909f56bfc062723c751e8b465ee728b)
Start importing Assets/Sprites/2D Pixel Dungeon Asset Pack/Character_animation using Guid(cb5b4a892c5841844bde091a57d323b2) Importer(815301076,1909f56bfc062723c751e8b465ee728b)  -> (artifact id: 'dbcca6007ae9ee07f8890bff78f20029') in 0.002785 seconds
  Import took 0.008039 seconds .

========================================================================
Received Import Request.
  Time since last request: 0.000328 seconds.
  path: Assets/Sprites/2D Pixel Dungeon Asset Pack/character and tileset
  artifactKey: Guid(81fa6d1ea3f443a4bbdb18aaec0f8546) Importer(815301076,1909f56bfc062723c751e8b465ee728b)
Start importing Assets/Sprites/2D Pixel Dungeon Asset Pack/character and tileset using Guid(81fa6d1ea3f443a4bbdb18aaec0f8546) Importer(815301076,1909f56bfc062723c751e8b465ee728b)  -> (artifact id: '8d0bd0280200e8ffb44dd6f9e64814fd') in 0.003146 seconds
  Import took 0.008316 seconds .

AssetImportWorkerClient::OnTransportError - code=258 error=The wait operation timed out.
