Using pre-set license
Built from 'trunk' branch; Version is '2020.2.0b1 (4ae7c5e87f33) revision 4908997'; Using compiler version '192528614'; Build Type 'Release'
OS: 'Windows 10  (10.0.0) 64bit' Language: 'en' Physical Memory: 16333 MB
BatchMode: 1, IsHumanControllingUs: 0, StartBugReporterOnCrash: 0, Is64bit: 1, IsPro: 0

 COMMAND LINE ARGUMENTS:
C:\Program Files\Unity\Hub\Editor\2020.2.0b1\Editor\Unity.exe
-adb2
-batchMode
-noUpm
-name
AssetImportWorker9
-projectPath
C:/Users/Martin/Desktop/Personal Projects/Roguelike-2D/Roguelike
-logFile
Logs/AssetImportWorker9.log
-srvPort
54798
Successfully changed project path to: C:/Users/Martin/Desktop/Personal Projects/Roguelike-2D/Roguelike
C:/Users/Martin/Desktop/Personal Projects/Roguelike-2D/Roguelike
Using Asset Import Pipeline V2.
Refreshing native plugins compatible for Editor in 69.55 ms, found 1 plugins.
Preloading 0 native plugins for Editor in 0.00 ms.
Initialize engine version: 2020.2.0b1 (4ae7c5e87f33)
[Subsystems] Discovering subsystems at path C:/Program Files/Unity/Hub/Editor/2020.2.0b1/Editor/Data/Resources/UnitySubsystems
[Subsystems] Discovering subsystems at path C:/Users/Martin/Desktop/Personal Projects/Roguelike-2D/Roguelike/Assets
GfxDevice: creating device client; threaded=0
Direct3D:
    Version:  Direct3D 11.0 [level 11.1]
    Renderer: NVIDIA GeForce GTX 1660 Ti (ID=0x2182)
    Vendor:   
    VRAM:     5991 MB
    Driver:   26.21.14.3648
Shader 'Universal Render Pipeline/Particles/Lit': fallback shader 'Universal Render Pipeline/Particles/SimpleLit' not found
Initialize mono
Mono path[0] = 'C:/Program Files/Unity/Hub/Editor/2020.2.0b1/Editor/Data/Managed'
Mono path[1] = 'C:/Program Files/Unity/Hub/Editor/2020.2.0b1/Editor/Data/MonoBleedingEdge/lib/mono/unityjit'
Mono config path = 'C:/Program Files/Unity/Hub/Editor/2020.2.0b1/Editor/Data/MonoBleedingEdge/etc'
Using monoOptions --debugger-agent=transport=dt_socket,embedding=1,server=y,suspend=n,address=127.0.0.1:56996
Begin MonoManager ReloadAssembly
Registering precompiled unity dll's ...
Register platform support module: C:/Program Files/Unity/Hub/Editor/2020.2.0b1/Editor/Data/PlaybackEngines/WindowsStandaloneSupport/UnityEditor.WindowsStandalone.Extensions.dll
Registered in 0.001851 seconds.
Native extension for WindowsStandalone target not found
Refreshing native plugins compatible for Editor in 53.35 ms, found 1 plugins.
Preloading 0 native plugins for Editor in 0.00 ms.
Invoked RoslynAnalysisRunner static constructor.
RoslynAnalysisRunner will not be running.
RoslynAnalysisRunner has terminated.
Mono: successfully reloaded assembly
- Completed reload, in  0.959 seconds
Registering precompiled user dll's ...
Registered in 0.103371 seconds.
Platform modules already initialized, skipping
Begin MonoManager ReloadAssembly
Symbol file LoadedFromMemory doesn't match image C:\Users\Martin\Desktop\Personal Projects\Roguelike-2D\Roguelike\Library\PackageCache\com.unity.ext.nunit@1.0.0\net35\unity-custom\nunit.framework.dll
Native extension for WindowsStandalone target not found
Refreshing native plugins compatible for Editor in 61.95 ms, found 1 plugins.
Preloading 0 native plugins for Editor in 0.00 ms.
Invoked RoslynAnalysisRunner static constructor.
RoslynAnalysisRunner will not be running.
RoslynAnalysisRunner has terminated.
Mono: successfully reloaded assembly
- Completed reload, in  0.836 seconds
Platform modules already initialized, skipping
========================================================================
Worker process is ready to serve import requests
Shader 'Universal Render Pipeline/Particles/Lit': fallback shader 'Universal Render Pipeline/Particles/SimpleLit' not found
Launched and connected shader compiler UnityShaderCompiler.exe after 0.06 seconds
Refreshing native plugins compatible for Editor in 0.72 ms, found 1 plugins.
Preloading 0 native plugins for Editor in 0.00 ms.
Unloading 2738 Unused Serialized files (Serialized files now loaded: 0)
System memory in use before: 123.6 MB.
System memory in use after: 123.7 MB.

Unloading 13 unused Assets to reduce memory usage. Loaded Objects now: 3177.
Total: 2.459500 ms (FindLiveObjects: 0.540400 ms CreateObjectMapping: 0.082300 ms MarkObjects: 1.683700 ms  DeleteObjects: 0.152100 ms)

========================================================================
Received Import Request.
  path: Assets/Sprites/Player/Run_withSword/Player_Run_4.png
  artifactKey: Guid(a4eaa99ca8a61414f8d1d878a98e45cd) Importer(815301076,1909f56bfc062723c751e8b465ee728b)
Start importing Assets/Sprites/Player/Run_withSword/Player_Run_4.png using Guid(a4eaa99ca8a61414f8d1d878a98e45cd) Importer(815301076,1909f56bfc062723c751e8b465ee728b)  -> (artifact id: '2f149578d94b43b047aa67f446beb981') in 0.104340 seconds
  Import took 0.110035 seconds .

========================================================================
Received Import Request.
  Time since last request: 0.000340 seconds.
  path: Assets/Sprites/Player/Run_withSword/Player_Run_7.png
  artifactKey: Guid(a31fba4f9dc156f47816bbb21af5345d) Importer(815301076,1909f56bfc062723c751e8b465ee728b)
Start importing Assets/Sprites/Player/Run_withSword/Player_Run_7.png using Guid(a31fba4f9dc156f47816bbb21af5345d) Importer(815301076,1909f56bfc062723c751e8b465ee728b)  -> (artifact id: '16853e266fab2d139188753b14e49012') in 0.008998 seconds
  Import took 0.015272 seconds .

========================================================================
Received Import Request.
  Time since last request: 0.000268 seconds.
  path: Assets/Sprites/Player/Run_withSword/Player_Run_3.png
  artifactKey: Guid(0a520877e1d4d52488e9de24e7ff0092) Importer(815301076,1909f56bfc062723c751e8b465ee728b)
Start importing Assets/Sprites/Player/Run_withSword/Player_Run_3.png using Guid(0a520877e1d4d52488e9de24e7ff0092) Importer(815301076,1909f56bfc062723c751e8b465ee728b)  -> (artifact id: '3d9405d53561b4b49f5040d4af5433c9') in 0.011205 seconds
  Import took 0.016165 seconds .

========================================================================
Received Import Request.
  Time since last request: 0.000273 seconds.
  path: Assets/Sprites/Player/Run_withSword/Player_Run_6.png
  artifactKey: Guid(cbda090e46700d94f857b43919ae7b03) Importer(815301076,1909f56bfc062723c751e8b465ee728b)
Start importing Assets/Sprites/Player/Run_withSword/Player_Run_6.png using Guid(cbda090e46700d94f857b43919ae7b03) Importer(815301076,1909f56bfc062723c751e8b465ee728b)  -> (artifact id: '7e8c3478aa19430ed8d715e05bb44ddf') in 0.011347 seconds
  Import took 0.017080 seconds .

========================================================================
Received Import Request.
  Time since last request: 0.000287 seconds.
  path: Assets/Sprites/Player/Run_withSword/Player_Run_1.png
  artifactKey: Guid(1b637f2b50041bc439a29dffb9485063) Importer(815301076,1909f56bfc062723c751e8b465ee728b)
Start importing Assets/Sprites/Player/Run_withSword/Player_Run_1.png using Guid(1b637f2b50041bc439a29dffb9485063) Importer(815301076,1909f56bfc062723c751e8b465ee728b)  -> (artifact id: '3936f5ce87e0c86368b50543879d3d97') in 0.008087 seconds
  Import took 0.014099 seconds .

========================================================================
Received Import Request.
  Time since last request: 0.000265 seconds.
  path: Assets/Sprites/Player/Run_withSword/Player_Run_2.png
  artifactKey: Guid(c717fb95baef62448b3eee405ee69bb1) Importer(815301076,1909f56bfc062723c751e8b465ee728b)
Start importing Assets/Sprites/Player/Run_withSword/Player_Run_2.png using Guid(c717fb95baef62448b3eee405ee69bb1) Importer(815301076,1909f56bfc062723c751e8b465ee728b)  -> (artifact id: '815c234d7e02248e08624724bbda6593') in 0.010953 seconds
  Import took 0.015879 seconds .

========================================================================
Received Import Request.
  Time since last request: 0.000258 seconds.
  path: Assets/Sprites/Player/Run_withSword/Player_Run_5.png
  artifactKey: Guid(0175d962fcde31a4c80db502491c4e74) Importer(815301076,1909f56bfc062723c751e8b465ee728b)
Start importing Assets/Sprites/Player/Run_withSword/Player_Run_5.png using Guid(0175d962fcde31a4c80db502491c4e74) Importer(815301076,1909f56bfc062723c751e8b465ee728b)  -> (artifact id: '7121ad4ba6b6a7fd81123387feca01b2') in 0.010769 seconds
  Import took 0.015752 seconds .

========================================================================
Received Import Request.
  Time since last request: 0.000280 seconds.
  path: Assets/Sprites/Player/Run_withSword/Player_Run_8.png
  artifactKey: Guid(b2cb06ea1c6ff744094af2c6dff610cb) Importer(815301076,1909f56bfc062723c751e8b465ee728b)
Start importing Assets/Sprites/Player/Run_withSword/Player_Run_8.png using Guid(b2cb06ea1c6ff744094af2c6dff610cb) Importer(815301076,1909f56bfc062723c751e8b465ee728b)  -> (artifact id: '189cdfaaf855d1b59ecce616a317d665') in 0.010409 seconds
  Import took 0.015201 seconds .

AssetImportWorkerClient::OnTransportError - code=258 error=The wait operation timed out.
