Using pre-set license
Built from 'trunk' branch; Version is '2020.2.0b1 (4ae7c5e87f33) revision 4908997'; Using compiler version '192528614'; Build Type 'Release'
OS: 'Windows 10  (10.0.0) 64bit' Language: 'en' Physical Memory: 16333 MB
BatchMode: 1, IsHumanControllingUs: 0, StartBugReporterOnCrash: 0, Is64bit: 1, IsPro: 0

 COMMAND LINE ARGUMENTS:
C:\Program Files\Unity\Hub\Editor\2020.2.0b1\Editor\Unity.exe
-adb2
-batchMode
-noUpm
-name
AssetImportWorker2
-projectPath
C:/Users/Martin/Desktop/Personal Projects/Roguelike-2D/Roguelike
-logFile
Logs/AssetImportWorker2.log
-srvPort
60239
Successfully changed project path to: C:/Users/Martin/Desktop/Personal Projects/Roguelike-2D/Roguelike
C:/Users/Martin/Desktop/Personal Projects/Roguelike-2D/Roguelike
Using Asset Import Pipeline V2.
Refreshing native plugins compatible for Editor in 54.83 ms, found 1 plugins.
Preloading 0 native plugins for Editor in 0.00 ms.
Initialize engine version: 2020.2.0b1 (4ae7c5e87f33)
[Subsystems] Discovering subsystems at path C:/Program Files/Unity/Hub/Editor/2020.2.0b1/Editor/Data/Resources/UnitySubsystems
[Subsystems] Discovering subsystems at path C:/Users/Martin/Desktop/Personal Projects/Roguelike-2D/Roguelike/Assets
GfxDevice: creating device client; threaded=0
Direct3D:
    Version:  Direct3D 11.0 [level 11.1]
    Renderer: NVIDIA GeForce GTX 1660 Ti (ID=0x2182)
    Vendor:   
    VRAM:     5991 MB
    Driver:   26.21.14.3648
Shader 'Universal Render Pipeline/Particles/Lit': fallback shader 'Universal Render Pipeline/Particles/SimpleLit' not found
Initialize mono
Mono path[0] = 'C:/Program Files/Unity/Hub/Editor/2020.2.0b1/Editor/Data/Managed'
Mono path[1] = 'C:/Program Files/Unity/Hub/Editor/2020.2.0b1/Editor/Data/MonoBleedingEdge/lib/mono/unityjit'
Mono config path = 'C:/Program Files/Unity/Hub/Editor/2020.2.0b1/Editor/Data/MonoBleedingEdge/etc'
Using monoOptions --debugger-agent=transport=dt_socket,embedding=1,server=y,suspend=n,address=127.0.0.1:56296
Begin MonoManager ReloadAssembly
Registering precompiled unity dll's ...
Register platform support module: C:/Program Files/Unity/Hub/Editor/2020.2.0b1/Editor/Data/PlaybackEngines/WindowsStandaloneSupport/UnityEditor.WindowsStandalone.Extensions.dll
Registered in 0.002298 seconds.
Native extension for WindowsStandalone target not found
Refreshing native plugins compatible for Editor in 49.17 ms, found 1 plugins.
Preloading 0 native plugins for Editor in 0.00 ms.
Invoked RoslynAnalysisRunner static constructor.
RoslynAnalysisRunner will not be running.
RoslynAnalysisRunner has terminated.
Mono: successfully reloaded assembly
- Completed reload, in  0.890 seconds
Registering precompiled user dll's ...
Registered in 0.099203 seconds.
Platform modules already initialized, skipping
Begin MonoManager ReloadAssembly
Symbol file LoadedFromMemory doesn't match image C:\Users\Martin\Desktop\Personal Projects\Roguelike-2D\Roguelike\Library\PackageCache\com.unity.ext.nunit@1.0.0\net35\unity-custom\nunit.framework.dll
Native extension for WindowsStandalone target not found
Refreshing native plugins compatible for Editor in 52.63 ms, found 1 plugins.
Preloading 0 native plugins for Editor in 0.00 ms.
Invoked RoslynAnalysisRunner static constructor.
RoslynAnalysisRunner will not be running.
RoslynAnalysisRunner has terminated.
Mono: successfully reloaded assembly
- Completed reload, in  0.802 seconds
Platform modules already initialized, skipping
========================================================================
Worker process is ready to serve import requests
Shader 'Universal Render Pipeline/Particles/Lit': fallback shader 'Universal Render Pipeline/Particles/SimpleLit' not found
Launched and connected shader compiler UnityShaderCompiler.exe after 0.06 seconds
Refreshing native plugins compatible for Editor in 0.70 ms, found 1 plugins.
Preloading 0 native plugins for Editor in 0.00 ms.
Unloading 2738 Unused Serialized files (Serialized files now loaded: 0)
System memory in use before: 123.6 MB.
System memory in use after: 123.7 MB.

Unloading 13 unused Assets to reduce memory usage. Loaded Objects now: 3177.
Total: 2.344600 ms (FindLiveObjects: 0.529000 ms CreateObjectMapping: 0.071400 ms MarkObjects: 1.628900 ms  DeleteObjects: 0.114500 ms)

========================================================================
Received Import Request.
  path: Assets/Sprites/Player/player_skeleton/run
  artifactKey: Guid(a9a3de5c69711434aa8ff9ed32d45d3c) Importer(815301076,1909f56bfc062723c751e8b465ee728b)
Start importing Assets/Sprites/Player/player_skeleton/run using Guid(a9a3de5c69711434aa8ff9ed32d45d3c) Importer(815301076,1909f56bfc062723c751e8b465ee728b)  -> (artifact id: 'ee145609a8a735b282209208955ec7ac') in 0.006105 seconds
  Import took 0.011338 seconds .

========================================================================
Received Import Request.
  Time since last request: 0.000249 seconds.
  path: Assets/Sprites/Player/player_skeleton/attack
  artifactKey: Guid(e4f01a335ff151a4387e64e0440fee3b) Importer(815301076,1909f56bfc062723c751e8b465ee728b)
Start importing Assets/Sprites/Player/player_skeleton/attack using Guid(e4f01a335ff151a4387e64e0440fee3b) Importer(815301076,1909f56bfc062723c751e8b465ee728b)  -> (artifact id: '2549538b2deb0a25a0f3a848b71d6157') in 0.002532 seconds
  Import took 0.007227 seconds .

========================================================================
Received Import Request.
  Time since last request: 0.000313 seconds.
  path: Assets/Sprites/Player/player_skeleton/corpse
  artifactKey: Guid(7a2eaa48720ab964a8e19fb299a1fc7e) Importer(815301076,1909f56bfc062723c751e8b465ee728b)
Start importing Assets/Sprites/Player/player_skeleton/corpse using Guid(7a2eaa48720ab964a8e19fb299a1fc7e) Importer(815301076,1909f56bfc062723c751e8b465ee728b)  -> (artifact id: 'cf55b9d050e26e5dd787c250561b0bcd') in 0.003031 seconds
  Import took 0.008670 seconds .

========================================================================
Received Import Request.
  Time since last request: 0.000333 seconds.
  path: Assets/Sprites/Player/player_skeleton/death
  artifactKey: Guid(0256a39bf95226145b4ba599c50cd094) Importer(815301076,1909f56bfc062723c751e8b465ee728b)
Start importing Assets/Sprites/Player/player_skeleton/death using Guid(0256a39bf95226145b4ba599c50cd094) Importer(815301076,1909f56bfc062723c751e8b465ee728b)  -> (artifact id: '41fc8809091cbf86eea900b0186b5ed7') in 0.004070 seconds
  Import took 0.008892 seconds .

========================================================================
Received Import Request.
  Time since last request: 0.000276 seconds.
  path: Assets/Sprites/Player/player_skeleton/reborn
  artifactKey: Guid(15be94ef6e41fef44a7291c8d7ec9f69) Importer(815301076,1909f56bfc062723c751e8b465ee728b)
Start importing Assets/Sprites/Player/player_skeleton/reborn using Guid(15be94ef6e41fef44a7291c8d7ec9f69) Importer(815301076,1909f56bfc062723c751e8b465ee728b)  -> (artifact id: '54d9ba9f499573da2cde3c90ff7e15d3') in 0.002615 seconds
  Import took 0.007477 seconds .

========================================================================
Received Import Request.
  Time since last request: 0.000332 seconds.
  path: Assets/Sprites/Player/player_skeleton/afk_ready
  artifactKey: Guid(5f28d4a2c8677d64b936335a364a2cbb) Importer(815301076,1909f56bfc062723c751e8b465ee728b)
Start importing Assets/Sprites/Player/player_skeleton/afk_ready using Guid(5f28d4a2c8677d64b936335a364a2cbb) Importer(815301076,1909f56bfc062723c751e8b465ee728b)  -> (artifact id: '55f1ccae6689166181fb24f5ecfb3699') in 0.002468 seconds
  Import took 0.007622 seconds .

========================================================================
Received Import Request.
  Time since last request: 0.000280 seconds.
  path: Assets/Sprites/Player/player_skeleton/walk
  artifactKey: Guid(5468aebac3d2da1449b6f4477654a05e) Importer(815301076,1909f56bfc062723c751e8b465ee728b)
Start importing Assets/Sprites/Player/player_skeleton/walk using Guid(5468aebac3d2da1449b6f4477654a05e) Importer(815301076,1909f56bfc062723c751e8b465ee728b)  -> (artifact id: '16cfd52ca551c01f948ea2ef809012cf') in 0.002691 seconds
  Import took 0.007409 seconds .

========================================================================
Received Import Request.
  Time since last request: 0.000273 seconds.
  path: Assets/Sprites/Player/player_skeleton/afk_ready/ready_2.png
  artifactKey: Guid(53f09fa5e6ad3d849bc895bd19e70b8a) Importer(815301076,1909f56bfc062723c751e8b465ee728b)
Start importing Assets/Sprites/Player/player_skeleton/afk_ready/ready_2.png using Guid(53f09fa5e6ad3d849bc895bd19e70b8a) Importer(815301076,1909f56bfc062723c751e8b465ee728b)  -> (artifact id: '247135fe54e4f6cbdfa10d1d488e78ef') in 0.108380 seconds
  Import took 0.113305 seconds .

========================================================================
Received Import Request.
  Time since last request: 0.000230 seconds.
  path: Assets/Sprites/Player/player_skeleton/afk_ready/ready_1.png
  artifactKey: Guid(00e5db21448e4f84785515552d267949) Importer(815301076,1909f56bfc062723c751e8b465ee728b)
Start importing Assets/Sprites/Player/player_skeleton/afk_ready/ready_1.png using Guid(00e5db21448e4f84785515552d267949) Importer(815301076,1909f56bfc062723c751e8b465ee728b)  -> (artifact id: '05c9f3956b21f0401228afe88c2258bd') in 0.009078 seconds
  Import took 0.014372 seconds .

========================================================================
Received Import Request.
  Time since last request: 0.000320 seconds.
  path: Assets/Sprites/Player/player_skeleton
  artifactKey: Guid(6bfffedcc79fb7c40b73bb7c6a46419e) Importer(815301076,1909f56bfc062723c751e8b465ee728b)
Start importing Assets/Sprites/Player/player_skeleton using Guid(6bfffedcc79fb7c40b73bb7c6a46419e) Importer(815301076,1909f56bfc062723c751e8b465ee728b)  -> (artifact id: '8cbcb020ef7511f3c9e4ae337df5b2e4') in 0.002813 seconds
  Import took 0.009017 seconds .

========================================================================
Received Import Request.
  Time since last request: 0.000256 seconds.
  path: Assets/Sprites/Player/player_skeleton/afk_ready/ready_3.png
  artifactKey: Guid(e6a8e6825e0a00b43b3187e74564758b) Importer(815301076,1909f56bfc062723c751e8b465ee728b)
Start importing Assets/Sprites/Player/player_skeleton/afk_ready/ready_3.png using Guid(e6a8e6825e0a00b43b3187e74564758b) Importer(815301076,1909f56bfc062723c751e8b465ee728b)  -> (artifact id: '75d15f9db431d28ae9eaa26ea17dfd36') in 0.008824 seconds
  Import took 0.013942 seconds .

========================================================================
Received Import Request.
  Time since last request: 0.000261 seconds.
  path: Assets/Sprites/Player/player_skeleton/otheranims
  artifactKey: Guid(c75a72b455d4cb146bddb4e7930af3df) Importer(815301076,1909f56bfc062723c751e8b465ee728b)
Start importing Assets/Sprites/Player/player_skeleton/otheranims using Guid(c75a72b455d4cb146bddb4e7930af3df) Importer(815301076,1909f56bfc062723c751e8b465ee728b)  -> (artifact id: 'ea5c79a1a3498b83fa3f020bf896d8c6') in 0.002750 seconds
  Import took 0.007638 seconds .

========================================================================
Received Import Request.
  Time since last request: 0.000223 seconds.
  path: Assets/Sprites/Player/player_skeleton/hit
  artifactKey: Guid(f9d856aab37732341aede296f1aa4444) Importer(815301076,1909f56bfc062723c751e8b465ee728b)
Start importing Assets/Sprites/Player/player_skeleton/hit using Guid(f9d856aab37732341aede296f1aa4444) Importer(815301076,1909f56bfc062723c751e8b465ee728b)  -> (artifact id: '79152e0511a80b9c55587b532b2de8d9') in 0.002948 seconds
  Import took 0.008461 seconds .

AssetImportWorkerClient::OnTransportError - code=258 error=The wait operation timed out.
