Using pre-set license
Built from 'trunk' branch; Version is '2020.2.0b1 (4ae7c5e87f33) revision 4908997'; Using compiler version '192528614'; Build Type 'Release'
OS: 'Windows 10  (10.0.0) 64bit' Language: 'en' Physical Memory: 16333 MB
BatchMode: 1, IsHumanControllingUs: 0, StartBugReporterOnCrash: 0, Is64bit: 1, IsPro: 0

 COMMAND LINE ARGUMENTS:
C:\Program Files\Unity\Hub\Editor\2020.2.0b1\Editor\Unity.exe
-adb2
-batchMode
-noUpm
-name
AssetImportWorker4
-projectPath
C:/Users/Martin/Desktop/Personal Projects/Roguelike-2D/Roguelike
-logFile
Logs/AssetImportWorker4.log
-srvPort
60239
Successfully changed project path to: C:/Users/Martin/Desktop/Personal Projects/Roguelike-2D/Roguelike
C:/Users/Martin/Desktop/Personal Projects/Roguelike-2D/Roguelike
Using Asset Import Pipeline V2.
Refreshing native plugins compatible for Editor in 54.73 ms, found 1 plugins.
Preloading 0 native plugins for Editor in 0.00 ms.
Initialize engine version: 2020.2.0b1 (4ae7c5e87f33)
[Subsystems] Discovering subsystems at path C:/Program Files/Unity/Hub/Editor/2020.2.0b1/Editor/Data/Resources/UnitySubsystems
[Subsystems] Discovering subsystems at path C:/Users/Martin/Desktop/Personal Projects/Roguelike-2D/Roguelike/Assets
GfxDevice: creating device client; threaded=0
Direct3D:
    Version:  Direct3D 11.0 [level 11.1]
    Renderer: NVIDIA GeForce GTX 1660 Ti (ID=0x2182)
    Vendor:   
    VRAM:     5991 MB
    Driver:   26.21.14.3648
Shader 'Universal Render Pipeline/Particles/Lit': fallback shader 'Universal Render Pipeline/Particles/SimpleLit' not found
Initialize mono
Mono path[0] = 'C:/Program Files/Unity/Hub/Editor/2020.2.0b1/Editor/Data/Managed'
Mono path[1] = 'C:/Program Files/Unity/Hub/Editor/2020.2.0b1/Editor/Data/MonoBleedingEdge/lib/mono/unityjit'
Mono config path = 'C:/Program Files/Unity/Hub/Editor/2020.2.0b1/Editor/Data/MonoBleedingEdge/etc'
Using monoOptions --debugger-agent=transport=dt_socket,embedding=1,server=y,suspend=n,address=127.0.0.1:56172
Begin MonoManager ReloadAssembly
Registering precompiled unity dll's ...
Register platform support module: C:/Program Files/Unity/Hub/Editor/2020.2.0b1/Editor/Data/PlaybackEngines/WindowsStandaloneSupport/UnityEditor.WindowsStandalone.Extensions.dll
Registered in 0.001322 seconds.
Native extension for WindowsStandalone target not found
Refreshing native plugins compatible for Editor in 46.79 ms, found 1 plugins.
Preloading 0 native plugins for Editor in 0.00 ms.
Invoked RoslynAnalysisRunner static constructor.
RoslynAnalysisRunner will not be running.
RoslynAnalysisRunner has terminated.
Mono: successfully reloaded assembly
- Completed reload, in  0.891 seconds
Registering precompiled user dll's ...
Registered in 0.110099 seconds.
Platform modules already initialized, skipping
Begin MonoManager ReloadAssembly
Symbol file LoadedFromMemory doesn't match image C:\Users\Martin\Desktop\Personal Projects\Roguelike-2D\Roguelike\Library\PackageCache\com.unity.ext.nunit@1.0.0\net35\unity-custom\nunit.framework.dll
Native extension for WindowsStandalone target not found
Refreshing native plugins compatible for Editor in 52.56 ms, found 1 plugins.
Preloading 0 native plugins for Editor in 0.00 ms.
Invoked RoslynAnalysisRunner static constructor.
RoslynAnalysisRunner will not be running.
RoslynAnalysisRunner has terminated.
Mono: successfully reloaded assembly
- Completed reload, in  0.784 seconds
Platform modules already initialized, skipping
========================================================================
Worker process is ready to serve import requests
Shader 'Universal Render Pipeline/Particles/Lit': fallback shader 'Universal Render Pipeline/Particles/SimpleLit' not found
Launched and connected shader compiler UnityShaderCompiler.exe after 0.05 seconds
Refreshing native plugins compatible for Editor in 0.71 ms, found 1 plugins.
Preloading 0 native plugins for Editor in 0.00 ms.
Unloading 2738 Unused Serialized files (Serialized files now loaded: 0)
System memory in use before: 123.7 MB.
System memory in use after: 123.7 MB.

Unloading 13 unused Assets to reduce memory usage. Loaded Objects now: 3177.
Total: 3.069800 ms (FindLiveObjects: 0.510300 ms CreateObjectMapping: 0.071400 ms MarkObjects: 2.338100 ms  DeleteObjects: 0.148800 ms)

========================================================================
Received Import Request.
  path: Assets/Sprites/Player/player_skeleton/afk_ready/ready_2.png
  artifactKey: Guid(53f09fa5e6ad3d849bc895bd19e70b8a) Importer(815301076,1909f56bfc062723c751e8b465ee728b)
Start importing Assets/Sprites/Player/player_skeleton/afk_ready/ready_2.png using Guid(53f09fa5e6ad3d849bc895bd19e70b8a) Importer(815301076,1909f56bfc062723c751e8b465ee728b)  -> (artifact id: '73de8d27175803106ddda7b169f91eff') in 0.100692 seconds
  Import took 0.106400 seconds .

========================================================================
Received Import Request.
  Time since last request: 0.000273 seconds.
  path: Assets/Sprites/Player/player_skeleton/afk_ready/ready_3.png
  artifactKey: Guid(e6a8e6825e0a00b43b3187e74564758b) Importer(815301076,1909f56bfc062723c751e8b465ee728b)
Start importing Assets/Sprites/Player/player_skeleton/afk_ready/ready_3.png using Guid(e6a8e6825e0a00b43b3187e74564758b) Importer(815301076,1909f56bfc062723c751e8b465ee728b)  -> (artifact id: 'cd499b772088f65b6451d870382764db') in 0.012809 seconds
  Import took 0.017889 seconds .

========================================================================
Received Import Request.
  Time since last request: 0.003805 seconds.
  path: Assets/Sprites/Player/player_skeleton/afk_ready/ready_3.png
  artifactKey: Guid(e6a8e6825e0a00b43b3187e74564758b) Importer(815301076,1909f56bfc062723c751e8b465ee728b)
Start importing Assets/Sprites/Player/player_skeleton/afk_ready/ready_3.png using Guid(e6a8e6825e0a00b43b3187e74564758b) Importer(815301076,1909f56bfc062723c751e8b465ee728b)  -> (artifact id: 'cd499b772088f65b6451d870382764db') in 0.007174 seconds
  Import took 0.012767 seconds .

AssetImportWorkerClient::OnTransportError - code=258 error=The wait operation timed out.
