Using pre-set license
Built from 'trunk' branch; Version is '2020.2.0b1 (4ae7c5e87f33) revision 4908997'; Using compiler version '192528614'; Build Type 'Release'
OS: 'Windows 10  (10.0.0) 64bit' Language: 'en' Physical Memory: 16333 MB
BatchMode: 1, IsHumanControllingUs: 0, StartBugReporterOnCrash: 0, Is64bit: 1, IsPro: 0

 COMMAND LINE ARGUMENTS:
C:\Program Files\Unity\Hub\Editor\2020.2.0b1\Editor\Unity.exe
-adb2
-batchMode
-noUpm
-name
AssetImportWorker5
-projectPath
C:/Users/Martin/Desktop/Personal Projects/Roguelike-2D/Roguelike
-logFile
Logs/AssetImportWorker5.log
-srvPort
60239
Successfully changed project path to: C:/Users/Martin/Desktop/Personal Projects/Roguelike-2D/Roguelike
C:/Users/Martin/Desktop/Personal Projects/Roguelike-2D/Roguelike
Using Asset Import Pipeline V2.
Refreshing native plugins compatible for Editor in 56.36 ms, found 1 plugins.
Preloading 0 native plugins for Editor in 0.00 ms.
Initialize engine version: 2020.2.0b1 (4ae7c5e87f33)
[Subsystems] Discovering subsystems at path C:/Program Files/Unity/Hub/Editor/2020.2.0b1/Editor/Data/Resources/UnitySubsystems
[Subsystems] Discovering subsystems at path C:/Users/Martin/Desktop/Personal Projects/Roguelike-2D/Roguelike/Assets
GfxDevice: creating device client; threaded=0
Direct3D:
    Version:  Direct3D 11.0 [level 11.1]
    Renderer: NVIDIA GeForce GTX 1660 Ti (ID=0x2182)
    Vendor:   
    VRAM:     5991 MB
    Driver:   26.21.14.3648
Shader 'Universal Render Pipeline/Particles/Lit': fallback shader 'Universal Render Pipeline/Particles/SimpleLit' not found
Initialize mono
Mono path[0] = 'C:/Program Files/Unity/Hub/Editor/2020.2.0b1/Editor/Data/Managed'
Mono path[1] = 'C:/Program Files/Unity/Hub/Editor/2020.2.0b1/Editor/Data/MonoBleedingEdge/lib/mono/unityjit'
Mono config path = 'C:/Program Files/Unity/Hub/Editor/2020.2.0b1/Editor/Data/MonoBleedingEdge/etc'
Using monoOptions --debugger-agent=transport=dt_socket,embedding=1,server=y,suspend=n,address=127.0.0.1:56768
Begin MonoManager ReloadAssembly
Registering precompiled unity dll's ...
Register platform support module: C:/Program Files/Unity/Hub/Editor/2020.2.0b1/Editor/Data/PlaybackEngines/WindowsStandaloneSupport/UnityEditor.WindowsStandalone.Extensions.dll
Registered in 0.001386 seconds.
Native extension for WindowsStandalone target not found
Refreshing native plugins compatible for Editor in 46.82 ms, found 1 plugins.
Preloading 0 native plugins for Editor in 0.00 ms.
Invoked RoslynAnalysisRunner static constructor.
RoslynAnalysisRunner will not be running.
RoslynAnalysisRunner has terminated.
Mono: successfully reloaded assembly
- Completed reload, in  0.887 seconds
Registering precompiled user dll's ...
Registered in 0.099690 seconds.
Platform modules already initialized, skipping
Begin MonoManager ReloadAssembly
Symbol file LoadedFromMemory doesn't match image C:\Users\Martin\Desktop\Personal Projects\Roguelike-2D\Roguelike\Library\PackageCache\com.unity.ext.nunit@1.0.0\net35\unity-custom\nunit.framework.dll
Native extension for WindowsStandalone target not found
Refreshing native plugins compatible for Editor in 51.59 ms, found 1 plugins.
Preloading 0 native plugins for Editor in 0.00 ms.
Invoked RoslynAnalysisRunner static constructor.
RoslynAnalysisRunner will not be running.
RoslynAnalysisRunner has terminated.
Mono: successfully reloaded assembly
- Completed reload, in  0.777 seconds
Platform modules already initialized, skipping
========================================================================
Worker process is ready to serve import requests
Shader 'Universal Render Pipeline/Particles/Lit': fallback shader 'Universal Render Pipeline/Particles/SimpleLit' not found
Launched and connected shader compiler UnityShaderCompiler.exe after 0.05 seconds
Refreshing native plugins compatible for Editor in 0.74 ms, found 1 plugins.
Preloading 0 native plugins for Editor in 0.00 ms.
Unloading 2738 Unused Serialized files (Serialized files now loaded: 0)
System memory in use before: 123.6 MB.
System memory in use after: 123.7 MB.

Unloading 13 unused Assets to reduce memory usage. Loaded Objects now: 3177.
Total: 2.579700 ms (FindLiveObjects: 0.522900 ms CreateObjectMapping: 0.084400 ms MarkObjects: 1.844000 ms  DeleteObjects: 0.127500 ms)

========================================================================
Received Import Request.
  path: Assets/Sprites/Player/player_skeleton/run/run_2.png
  artifactKey: Guid(0b704132d01fe19499ca62f6ba2aaab0) Importer(815301076,1909f56bfc062723c751e8b465ee728b)
Start importing Assets/Sprites/Player/player_skeleton/run/run_2.png using Guid(0b704132d01fe19499ca62f6ba2aaab0) Importer(815301076,1909f56bfc062723c751e8b465ee728b)  -> (artifact id: '464227ae64fd661fff6ae8a03dbcc31c') in 0.106829 seconds
  Import took 0.112486 seconds .

========================================================================
Received Import Request.
  Time since last request: 0.000231 seconds.
  path: Assets/Sprites/Player/player_skeleton/run/run_3.png
  artifactKey: Guid(9448f33dee704b54091be54f6ac80ba7) Importer(815301076,1909f56bfc062723c751e8b465ee728b)
Start importing Assets/Sprites/Player/player_skeleton/run/run_3.png using Guid(9448f33dee704b54091be54f6ac80ba7) Importer(815301076,1909f56bfc062723c751e8b465ee728b)  -> (artifact id: '11af2acdc43f4ada63e8150c4d5c362c') in 0.009772 seconds
  Import took 0.014830 seconds .

========================================================================
Received Import Request.
  Time since last request: 0.000278 seconds.
  path: Assets/Sprites/Player/player_skeleton/run/run_1.png
  artifactKey: Guid(51b1db79a37e7e74f8db50f8a8300c60) Importer(815301076,1909f56bfc062723c751e8b465ee728b)
Start importing Assets/Sprites/Player/player_skeleton/run/run_1.png using Guid(51b1db79a37e7e74f8db50f8a8300c60) Importer(815301076,1909f56bfc062723c751e8b465ee728b)  -> (artifact id: '142ab594b65b02bc6bc1399b3e8b5d7d') in 0.013508 seconds
  Import took 0.018165 seconds .

========================================================================
Received Import Request.
  Time since last request: 0.000286 seconds.
  path: Assets/Sprites/Player/player_skeleton/run/run_4.png
  artifactKey: Guid(f54e88deec5738f40bb1341a3ceafe05) Importer(815301076,1909f56bfc062723c751e8b465ee728b)
Start importing Assets/Sprites/Player/player_skeleton/run/run_4.png using Guid(f54e88deec5738f40bb1341a3ceafe05) Importer(815301076,1909f56bfc062723c751e8b465ee728b)  -> (artifact id: 'c8f3dd1e198e3b68235fa4ff3131cb65') in 0.014244 seconds
  Import took 0.018879 seconds .

========================================================================
Received Import Request.
  Time since last request: 0.000239 seconds.
  path: Assets/Sprites/Player/player_skeleton/run/run_1.png
  artifactKey: Guid(51b1db79a37e7e74f8db50f8a8300c60) Importer(815301076,1909f56bfc062723c751e8b465ee728b)
Start importing Assets/Sprites/Player/player_skeleton/run/run_1.png using Guid(51b1db79a37e7e74f8db50f8a8300c60) Importer(815301076,1909f56bfc062723c751e8b465ee728b)  -> (artifact id: '142ab594b65b02bc6bc1399b3e8b5d7d') in 0.010999 seconds
  Import took 0.015860 seconds .

========================================================================
Received Import Request.
  Time since last request: 0.000282 seconds.
  path: Assets/Sprites/Player/player_skeleton/run/run_4.png
  artifactKey: Guid(f54e88deec5738f40bb1341a3ceafe05) Importer(815301076,1909f56bfc062723c751e8b465ee728b)
Start importing Assets/Sprites/Player/player_skeleton/run/run_4.png using Guid(f54e88deec5738f40bb1341a3ceafe05) Importer(815301076,1909f56bfc062723c751e8b465ee728b)  -> (artifact id: 'c8f3dd1e198e3b68235fa4ff3131cb65') in 0.007791 seconds
  Import took 0.012880 seconds .

========================================================================
Received Import Request.
  Time since last request: 0.000328 seconds.
  path: Assets/Sprites/Player/player_skeleton/run/run_6.png
  artifactKey: Guid(fa580bbe0b746f7428a4fa2c3d84c2a7) Importer(815301076,1909f56bfc062723c751e8b465ee728b)
Start importing Assets/Sprites/Player/player_skeleton/run/run_6.png using Guid(fa580bbe0b746f7428a4fa2c3d84c2a7) Importer(815301076,1909f56bfc062723c751e8b465ee728b)  -> (artifact id: '75a63b8bc9d199e5aaf69c34b9b8f114') in 0.015310 seconds
  Import took 0.020231 seconds .

========================================================================
Received Import Request.
  Time since last request: 0.000321 seconds.
  path: Assets/Sprites/Player/player_skeleton/run/run_5.png
  artifactKey: Guid(0e1ed310d5c405b419848e1b2e1c7aaf) Importer(815301076,1909f56bfc062723c751e8b465ee728b)
Start importing Assets/Sprites/Player/player_skeleton/run/run_5.png using Guid(0e1ed310d5c405b419848e1b2e1c7aaf) Importer(815301076,1909f56bfc062723c751e8b465ee728b)  -> (artifact id: 'd2f3acfc281b39d6593a943f2a778132') in 0.011450 seconds
  Import took 0.016702 seconds .

AssetImportWorkerClient::OnTransportError - code=258 error=The wait operation timed out.
